{"/Users/bengourley/Development/chale/collection.js":{"path":"/Users/bengourley/Development/chale/collection.js","s":{"1":1,"2":1,"3":1,"4":18,"5":18,"6":18,"7":1,"8":1,"9":19,"10":2,"11":17,"12":3,"13":14,"14":14,"15":14,"16":1,"17":4,"18":1,"19":3,"20":3,"21":3,"22":2,"23":2,"24":2,"25":3,"26":1,"27":2,"28":2,"29":2,"30":1,"31":2,"32":1,"33":2,"34":2,"35":1,"36":39,"37":17,"38":22,"39":22,"40":12,"41":7,"42":7,"43":22,"44":15,"45":7,"46":1,"47":1,"48":2},"b":{"1":[18,18],"2":[2,17],"3":[3,14],"4":[17,16],"5":[1,3],"6":[2,1],"7":[3,1],"8":[1,2],"9":[1,1],"10":[17,22],"11":[7,5],"12":[12,7],"13":[15,7],"14":[1,1]},"f":{"1":18,"2":19,"3":4,"4":3,"5":2,"6":39,"7":12,"8":1,"9":2},"fnMap":{"1":{"name":"Collection","line":6,"loc":{"start":{"line":6,"column":0},"end":{"line":6,"column":44}}},"2":{"name":"(anonymous_2)","line":15,"loc":{"start":{"line":15,"column":27},"end":{"line":15,"column":44}}},"3":{"name":"(anonymous_3)","line":24,"loc":{"start":{"line":24,"column":30},"end":{"line":24,"column":44}}},"4":{"name":"(anonymous_4)","line":27,"loc":{"start":{"line":27,"column":19},"end":{"line":27,"column":39}}},"5":{"name":"(anonymous_5)","line":40,"loc":{"start":{"line":40,"column":29},"end":{"line":40,"column":47}}},"6":{"name":"(anonymous_6)","line":46,"loc":{"start":{"line":46,"column":27},"end":{"line":46,"column":41}}},"7":{"name":"(anonymous_7)","line":49,"loc":{"start":{"line":49,"column":19},"end":{"line":49,"column":32}}},"8":{"name":"(anonymous_8)","line":59,"loc":{"start":{"line":59,"column":30},"end":{"line":59,"column":42}}},"9":{"name":"(anonymous_9)","line":60,"loc":{"start":{"line":60,"column":25},"end":{"line":60,"column":42}}}},"statementMap":{"1":{"start":{"line":1,"column":0},"end":{"line":3,"column":0}},"2":{"start":{"line":3,"column":0},"end":{"line":6,"column":0}},"3":{"start":{"line":6,"column":0},"end":{"line":10,"column":1}},"4":{"start":{"line":7,"column":2},"end":{"line":8,"column":2}},"5":{"start":{"line":8,"column":2},"end":{"line":9,"column":2}},"6":{"start":{"line":9,"column":2},"end":{"line":10,"column":0}},"7":{"start":{"line":13,"column":0},"end":{"line":15,"column":0}},"8":{"start":{"line":15,"column":0},"end":{"line":24,"column":0}},"9":{"start":{"line":17,"column":2},"end":{"line":18,"column":2}},"10":{"start":{"line":17,"column":27},"end":{"line":18,"column":2}},"11":{"start":{"line":18,"column":2},"end":{"line":19,"column":2}},"12":{"start":{"line":18,"column":38},"end":{"line":19,"column":2}},"13":{"start":{"line":19,"column":2},"end":{"line":20,"column":2}},"14":{"start":{"line":20,"column":2},"end":{"line":21,"column":2}},"15":{"start":{"line":21,"column":2},"end":{"line":22,"column":0}},"16":{"start":{"line":24,"column":0},"end":{"line":40,"column":0}},"17":{"start":{"line":25,"column":2},"end":{"line":26,"column":2}},"18":{"start":{"line":25,"column":11},"end":{"line":26,"column":2}},"19":{"start":{"line":26,"column":2},"end":{"line":27,"column":2}},"20":{"start":{"line":27,"column":2},"end":{"line":34,"column":2}},"21":{"start":{"line":28,"column":4},"end":{"line":32,"column":5}},"22":{"start":{"line":29,"column":6},"end":{"line":30,"column":6}},"23":{"start":{"line":30,"column":6},"end":{"line":31,"column":6}},"24":{"start":{"line":31,"column":6},"end":{"line":32,"column":4}},"25":{"start":{"line":34,"column":2},"end":{"line":35,"column":2}},"26":{"start":{"line":34,"column":17},"end":{"line":35,"column":2}},"27":{"start":{"line":35,"column":2},"end":{"line":36,"column":2}},"28":{"start":{"line":36,"column":2},"end":{"line":37,"column":2}},"29":{"start":{"line":37,"column":2},"end":{"line":38,"column":0}},"30":{"start":{"line":40,"column":0},"end":{"line":46,"column":0}},"31":{"start":{"line":41,"column":2},"end":{"line":42,"column":2}},"32":{"start":{"line":41,"column":15},"end":{"line":42,"column":2}},"33":{"start":{"line":42,"column":2},"end":{"line":43,"column":2}},"34":{"start":{"line":43,"column":2},"end":{"line":44,"column":0}},"35":{"start":{"line":46,"column":0},"end":{"line":59,"column":0}},"36":{"start":{"line":47,"column":2},"end":{"line":48,"column":2}},"37":{"start":{"line":47,"column":11},"end":{"line":48,"column":2}},"38":{"start":{"line":48,"column":2},"end":{"line":49,"column":2}},"39":{"start":{"line":49,"column":2},"end":{"line":55,"column":2}},"40":{"start":{"line":50,"column":4},"end":{"line":53,"column":5}},"41":{"start":{"line":51,"column":6},"end":{"line":52,"column":6}},"42":{"start":{"line":52,"column":6},"end":{"line":53,"column":4}},"43":{"start":{"line":55,"column":2},"end":{"line":56,"column":2}},"44":{"start":{"line":55,"column":14},"end":{"line":56,"column":2}},"45":{"start":{"line":56,"column":2},"end":{"line":57,"column":0}},"46":{"start":{"line":59,"column":0},"end":{"line":65,"column":0}},"47":{"start":{"line":60,"column":2},"end":{"line":63,"column":0}},"48":{"start":{"line":61,"column":4},"end":{"line":62,"column":2}}},"branchMap":{"1":{"line":9,"type":"binary-expr","locations":[{"start":{"line":9,"column":16},"end":{"line":9,"column":22}},{"start":{"line":9,"column":26},"end":{"line":9,"column":28}}]},"2":{"line":17,"type":"if","locations":[{"start":{"line":17,"column":2},"end":{"line":17,"column":2}},{"start":{"line":17,"column":2},"end":{"line":17,"column":2}}]},"3":{"line":18,"type":"if","locations":[{"start":{"line":18,"column":2},"end":{"line":18,"column":2}},{"start":{"line":18,"column":2},"end":{"line":18,"column":2}}]},"4":{"line":18,"type":"binary-expr","locations":[{"start":{"line":18,"column":6},"end":{"line":18,"column":14}},{"start":{"line":18,"column":18},"end":{"line":18,"column":36}}]},"5":{"line":25,"type":"if","locations":[{"start":{"line":25,"column":2},"end":{"line":25,"column":2}},{"start":{"line":25,"column":2},"end":{"line":25,"column":2}}]},"6":{"line":28,"type":"if","locations":[{"start":{"line":28,"column":4},"end":{"line":28,"column":4}},{"start":{"line":28,"column":4},"end":{"line":28,"column":4}}]},"7":{"line":28,"type":"binary-expr","locations":[{"start":{"line":28,"column":8},"end":{"line":28,"column":23}},{"start":{"line":28,"column":27},"end":{"line":28,"column":43}}]},"8":{"line":34,"type":"if","locations":[{"start":{"line":34,"column":2},"end":{"line":34,"column":2}},{"start":{"line":34,"column":2},"end":{"line":34,"column":2}}]},"9":{"line":41,"type":"if","locations":[{"start":{"line":41,"column":2},"end":{"line":41,"column":2}},{"start":{"line":41,"column":2},"end":{"line":41,"column":2}}]},"10":{"line":47,"type":"if","locations":[{"start":{"line":47,"column":2},"end":{"line":47,"column":2}},{"start":{"line":47,"column":2},"end":{"line":47,"column":2}}]},"11":{"line":50,"type":"if","locations":[{"start":{"line":50,"column":4},"end":{"line":50,"column":4}},{"start":{"line":50,"column":4},"end":{"line":50,"column":4}}]},"12":{"line":50,"type":"binary-expr","locations":[{"start":{"line":50,"column":8},"end":{"line":50,"column":19}},{"start":{"line":50,"column":23},"end":{"line":50,"column":35}}]},"13":{"line":55,"type":"if","locations":[{"start":{"line":55,"column":2},"end":{"line":55,"column":2}},{"start":{"line":55,"column":2},"end":{"line":55,"column":2}}]},"14":{"line":61,"type":"cond-expr","locations":[{"start":{"line":61,"column":48},"end":{"line":61,"column":62}},{"start":{"line":61,"column":65},"end":{"line":61,"column":77}}]}}}}