TN:
SF:/Users/bengourley/Development/chale/collection.js
FN:6,Collection
FN:15,(anonymous_2)
FN:24,(anonymous_3)
FN:27,(anonymous_4)
FN:40,(anonymous_5)
FN:46,(anonymous_6)
FN:49,(anonymous_7)
FN:59,(anonymous_8)
FN:60,(anonymous_9)
FNF:9
FNH:9
FNDA:18,Collection
FNDA:19,(anonymous_2)
FNDA:4,(anonymous_3)
FNDA:3,(anonymous_4)
FNDA:2,(anonymous_5)
FNDA:39,(anonymous_6)
FNDA:12,(anonymous_7)
FNDA:1,(anonymous_8)
FNDA:2,(anonymous_9)
DA:1,1
DA:3,1
DA:6,1
DA:7,18
DA:8,18
DA:9,18
DA:13,1
DA:15,1
DA:17,19
DA:18,17
DA:19,14
DA:20,14
DA:21,14
DA:24,1
DA:25,4
DA:26,3
DA:27,3
DA:28,3
DA:29,2
DA:30,2
DA:31,2
DA:34,3
DA:35,2
DA:36,2
DA:37,2
DA:40,1
DA:41,2
DA:42,2
DA:43,2
DA:46,1
DA:47,39
DA:48,22
DA:49,22
DA:50,12
DA:51,7
DA:52,7
DA:55,22
DA:56,7
DA:59,1
DA:60,1
DA:61,2
LF:41
LH:41
BRDA:9,1,0,18
BRDA:9,1,1,18
BRDA:17,2,0,2
BRDA:17,2,1,17
BRDA:18,3,0,3
BRDA:18,3,1,14
BRDA:18,4,0,17
BRDA:18,4,1,16
BRDA:25,5,0,1
BRDA:25,5,1,3
BRDA:28,6,0,2
BRDA:28,6,1,1
BRDA:28,7,0,3
BRDA:28,7,1,1
BRDA:34,8,0,1
BRDA:34,8,1,2
BRDA:41,9,0,1
BRDA:41,9,1,1
BRDA:47,10,0,17
BRDA:47,10,1,22
BRDA:50,11,0,7
BRDA:50,11,1,5
BRDA:50,12,0,12
BRDA:50,12,1,7
BRDA:55,13,0,15
BRDA:55,13,1,7
BRDA:61,14,0,1
BRDA:61,14,1,1
BRF:28
BRH:28
end_of_record
